<?xml version="1.0" encoding="UTF-8"?>
<!-- Generated by org.testng.reporters.JUnitXMLReporter -->
<testsuite hostname="Gagans-MacBook-Pro.local" ignored="0" name="Regression" tests="6" failures="0" timestamp="2020-05-22T12:23:11 PDT" time="0.103" errors="0">
  <testcase name="AndroidApp" time="0.011" classname="qaclickacademy.AppiumTest"/>
  <testcase name="iOSApp" time="0.003" classname="qaclickacademy.AppiumTest"/>
  <testcase name="BrowserAutomation" time="0.002" classname="qaclickacademy.SeleniumTest"/>
  <testcase name="ElementsUI" time="0.004" classname="qaclickacademy.SeleniumTest"/>
  <testcase name="DeleteTwitter" time="0.002" classname="qaclickacademy.RestAPITest"/>
  <testcase name="PostJira" time="0.002" classname="qaclickacademy.RestAPITest"/>
</testsuite> <!-- Regression -->
