<?xml version="1.0" encoding="UTF-8"?>
<testng-results skipped="0" failed="0" ignored="0" total="2" passed="2">
  <reporter-output>
  </reporter-output>
  <suite name="Default suite" duration-ms="87" started-at="2020-05-22T12:24:22 PDT" finished-at="2020-05-22T12:24:22 PDT">
    <groups>
    </groups>
    <test name="Default test" duration-ms="87" started-at="2020-05-22T12:24:22 PDT" finished-at="2020-05-22T12:24:22 PDT">
      <class name="qaclickacademy.RestAPITest">
        <test-method status="PASS" signature="DeleteTwitter()[pri:0, instance:qaclickacademy.RestAPITest@2d8f65a4]" name="DeleteTwitter" duration-ms="13" started-at="2020-05-22T12:24:22 PDT" finished-at="2020-05-22T12:24:22 PDT">
          <reporter-output>
          </reporter-output>
        </test-method> <!-- DeleteTwitter -->
        <test-method status="PASS" signature="PostJira()[pri:0, instance:qaclickacademy.RestAPITest@2d8f65a4]" name="PostJira" duration-ms="3" started-at="2020-05-22T12:24:22 PDT" finished-at="2020-05-22T12:24:22 PDT">
          <reporter-output>
          </reporter-output>
        </test-method> <!-- PostJira -->
      </class> <!-- qaclickacademy.RestAPITest -->
    </test> <!-- Default test -->
  </suite> <!-- Default suite -->
</testng-results>
